Started GET "/" for 127.0.0.1 at 2018-03-22 17:19:36 +0200
  [1m[35m (2.8ms)[0m  [1m[34mSELECT "schema_migrations"."version" FROM "schema_migrations" ORDER BY "schema_migrations"."version" ASC[0m
Processing by WelcomeController#index as HTML
  Rendering welcome/index.erb within layouts/application
  Rendered welcome/index.erb within layouts/application (661.7ms)
Completed 200 OK in 776ms (Views: 764.8ms | ActiveRecord: 0.0ms)


Started GET "/assets/jquery.self-bd7ddd393353a8d2480a622e80342adf488fb6006d667e8b42e4c0073393abee.js?body=1" for 127.0.0.1 at 2018-03-22 17:19:38 +0200
Started GET "/assets/welcome.self-877aef30ae1b040ab8a3aba4e3e309a11d7f2612f44dde450b5c157aa5f95c05.js?body=1" for 127.0.0.1 at 2018-03-22 17:19:38 +0200
Started GET "/assets/application.self-85a3df08aab34bc6a22c0cf18bd349b5a3fda5edca3e6dead5e0390446173b12.js?body=1" for 127.0.0.1 at 2018-03-22 17:19:38 +0200
Started GET "/assets/jquery_ujs.self-784a997f6726036b1993eb2217c9cb558e1cbb801c6da88105588c56f13b466a.js?body=1" for 127.0.0.1 at 2018-03-22 17:19:38 +0200
Started GET "/assets/turbolinks.self-2db6ec539b9190f75e1d477b305df53d12904d5cafdd47c7ffd91ba25cbec128.js?body=1" for 127.0.0.1 at 2018-03-22 17:19:38 +0200
Started GET "/assets/widgets.self-877aef30ae1b040ab8a3aba4e3e309a11d7f2612f44dde450b5c157aa5f95c05.js?body=1" for 127.0.0.1 at 2018-03-22 17:19:38 +0200
Started GET "/assets/scaffolds.self-e3b0c44298fc1c149afbf4c8996fb92427ae41e4649b934ca495991b7852b855.css?body=1" for 127.0.0.1 at 2018-03-22 17:19:38 +0200
Started GET "/assets/welcome.self-e3b0c44298fc1c149afbf4c8996fb92427ae41e4649b934ca495991b7852b855.css?body=1" for 127.0.0.1 at 2018-03-22 17:19:38 +0200
Started GET "/assets/widgets.self-e3b0c44298fc1c149afbf4c8996fb92427ae41e4649b934ca495991b7852b855.css?body=1" for 127.0.0.1 at 2018-03-22 17:19:38 +0200
Started GET "/assets/application.self-565a90fd247bd9ef75cf5f71be1e11e37c3ad80695d8bdfb331fe844afbe0a9e.css?body=1" for 127.0.0.1 at 2018-03-22 17:19:38 +0200
Started GET "/assets/theme.self-015073ec8c8a7f78216fa8285175dcd2b6c671aa576e48a046e10e85e91bfed1.css?body=1" for 127.0.0.1 at 2018-03-22 17:19:38 +0200
Started GET "/assets/lang-logo-975635515a3eba8a4dbe12956ddcce29610bf587eba6f72c1a66e6a4c97dce44.png" for 127.0.0.1 at 2018-03-22 17:19:38 +0200
  [1m[35m (2.0ms)[0m  [1m[34mSELECT "schema_migrations"."version" FROM "schema_migrations" ORDER BY "schema_migrations"."version" ASC[0m
  [1m[35m (129.3ms)[0m  [1m[34mSELECT "schema_migrations"."version" FROM "schema_migrations" ORDER BY "schema_migrations"."version" ASC[0m
  [1m[35m (0.8ms)[0m  [1m[34mSELECT "schema_migrations"."version" FROM "schema_migrations" ORDER BY "schema_migrations"."version" ASC[0m
  [1m[35m (1.7ms)[0m  [1m[34mSELECT "schema_migrations"."version" FROM "schema_migrations" ORDER BY "schema_migrations"."version" ASC[0m
Started GET "/" for 127.0.0.1 at 2018-03-22 17:28:49 +0200
  [1m[35m (0.6ms)[0m  [1m[34mSELECT "schema_migrations"."version" FROM "schema_migrations" ORDER BY "schema_migrations"."version" ASC[0m
Processing by WelcomeController#index as HTML
  Rendering welcome/index.erb within layouts/application
  Rendered welcome/index.erb within layouts/application (144.9ms)
Completed 200 OK in 190ms (Views: 182.0ms | ActiveRecord: 0.0ms)


Started GET "/" for 127.0.0.1 at 2018-03-23 13:20:52 +0200
  [1m[35m (5.6ms)[0m  [1m[34mSELECT "schema_migrations"."version" FROM "schema_migrations" ORDER BY "schema_migrations"."version" ASC[0m
Processing by WelcomeController#index as HTML
  Rendering welcome/index.erb within layouts/application
  Rendered welcome/index.erb within layouts/application (151.3ms)
Completed 200 OK in 205ms (Views: 197.1ms | ActiveRecord: 0.0ms)


Started GET "/assets/jquery.self-bd7ddd393353a8d2480a622e80342adf488fb6006d667e8b42e4c0073393abee.js?body=1" for 127.0.0.1 at 2018-03-23 13:20:53 +0200
Started GET "/assets/jquery_ujs.self-784a997f6726036b1993eb2217c9cb558e1cbb801c6da88105588c56f13b466a.js?body=1" for 127.0.0.1 at 2018-03-23 13:20:53 +0200
Started GET "/assets/turbolinks.self-2db6ec539b9190f75e1d477b305df53d12904d5cafdd47c7ffd91ba25cbec128.js?body=1" for 127.0.0.1 at 2018-03-23 13:20:53 +0200
Started GET "/assets/welcome.self-877aef30ae1b040ab8a3aba4e3e309a11d7f2612f44dde450b5c157aa5f95c05.js?body=1" for 127.0.0.1 at 2018-03-23 13:20:53 +0200
Started GET "/assets/widgets.self-877aef30ae1b040ab8a3aba4e3e309a11d7f2612f44dde450b5c157aa5f95c05.js?body=1" for 127.0.0.1 at 2018-03-23 13:20:53 +0200
Started GET "/assets/scaffolds.self-e3b0c44298fc1c149afbf4c8996fb92427ae41e4649b934ca495991b7852b855.css?body=1" for 127.0.0.1 at 2018-03-23 13:20:53 +0200
Started GET "/assets/welcome.self-e3b0c44298fc1c149afbf4c8996fb92427ae41e4649b934ca495991b7852b855.css?body=1" for 127.0.0.1 at 2018-03-23 13:20:53 +0200
Started GET "/assets/theme.self-015073ec8c8a7f78216fa8285175dcd2b6c671aa576e48a046e10e85e91bfed1.css?body=1" for 127.0.0.1 at 2018-03-23 13:20:53 +0200
Started GET "/assets/widgets.self-e3b0c44298fc1c149afbf4c8996fb92427ae41e4649b934ca495991b7852b855.css?body=1" for 127.0.0.1 at 2018-03-23 13:20:53 +0200
Started GET "/assets/application.self-565a90fd247bd9ef75cf5f71be1e11e37c3ad80695d8bdfb331fe844afbe0a9e.css?body=1" for 127.0.0.1 at 2018-03-23 13:20:53 +0200
Started GET "/assets/lang-logo-975635515a3eba8a4dbe12956ddcce29610bf587eba6f72c1a66e6a4c97dce44.png" for 127.0.0.1 at 2018-03-23 13:20:53 +0200
Started GET "/assets/application.self-85a3df08aab34bc6a22c0cf18bd349b5a3fda5edca3e6dead5e0390446173b12.js?body=1" for 127.0.0.1 at 2018-03-23 13:20:53 +0200
Started GET "/" for 127.0.0.1 at 2018-03-23 13:21:43 +0200
Processing by WelcomeController#index as HTML
  Rendering welcome/index.erb within layouts/application
  Rendered welcome/index.erb within layouts/application (1.1ms)
Completed 200 OK in 18ms (Views: 16.2ms | ActiveRecord: 0.0ms)


Started GET "/" for 127.0.0.1 at 2018-03-23 13:21:58 +0200
Processing by WelcomeController#index as HTML
  Rendering welcome/index.erb within layouts/application
  Rendered welcome/index.erb within layouts/application (1.1ms)
Completed 200 OK in 16ms (Views: 14.7ms | ActiveRecord: 0.0ms)


Started GET "/" for 127.0.0.1 at 2018-03-23 13:22:14 +0200
Processing by WelcomeController#index as HTML
  Rendering welcome/index.erb within layouts/application
  Rendered welcome/index.erb within layouts/application (1.1ms)
Completed 200 OK in 18ms (Views: 16.8ms | ActiveRecord: 0.0ms)


Started GET "/" for 127.0.0.1 at 2018-03-23 13:22:21 +0200
Processing by WelcomeController#index as HTML
  Rendering welcome/index.erb within layouts/application
  Rendered welcome/index.erb within layouts/application (1.2ms)
Completed 200 OK in 18ms (Views: 16.3ms | ActiveRecord: 0.0ms)


Started GET "/" for 127.0.0.1 at 2018-03-23 13:22:51 +0200
  [1m[35m (0.7ms)[0m  [1m[34mSELECT "schema_migrations"."version" FROM "schema_migrations" ORDER BY "schema_migrations"."version" ASC[0m
Processing by WelcomeController#index as HTML
  Rendering welcome/index.erb within layouts/application
  Rendered welcome/index.erb within layouts/application (140.3ms)
Completed 200 OK in 189ms (Views: 179.8ms | ActiveRecord: 0.0ms)


Started GET "/" for 127.0.0.1 at 2018-03-23 13:23:56 +0200
Processing by WelcomeController#index as HTML
  Rendering welcome/index.erb within layouts/application
  Rendered welcome/index.erb within layouts/application (1.2ms)
Completed 200 OK in 19ms (Views: 17.2ms | ActiveRecord: 0.0ms)


Started GET "/" for 127.0.0.1 at 2018-03-23 13:24:06 +0200
Processing by WelcomeController#index as HTML
  Rendering welcome/index.erb within layouts/application
  Rendered welcome/index.erb within layouts/application (1.2ms)
Completed 200 OK in 18ms (Views: 16.7ms | ActiveRecord: 0.0ms)


Started GET "/" for 127.0.0.1 at 2018-03-23 13:24:35 +0200
Processing by WelcomeController#index as HTML
  Rendering welcome/index.erb within layouts/application
  Rendered welcome/index.erb within layouts/application (1.3ms)
Completed 200 OK in 20ms (Views: 18.9ms | ActiveRecord: 0.0ms)


Started GET "/" for 127.0.0.1 at 2018-03-23 13:24:54 +0200
Processing by WelcomeController#index as HTML
  Rendering welcome/index.erb within layouts/application
  Rendered welcome/index.erb within layouts/application (1.2ms)
Completed 200 OK in 19ms (Views: 17.1ms | ActiveRecord: 0.0ms)


Started GET "/" for 127.0.0.1 at 2018-03-23 13:25:59 +0200
Processing by WelcomeController#index as HTML
  Rendering welcome/index.erb within layouts/application
  Rendered welcome/index.erb within layouts/application (1.0ms)
Completed 200 OK in 18ms (Views: 16.7ms | ActiveRecord: 0.0ms)


Started GET "/" for 127.0.0.1 at 2018-03-23 13:26:04 +0200
Processing by WelcomeController#index as HTML
  Rendering welcome/index.erb within layouts/application
  Rendered welcome/index.erb within layouts/application (1.0ms)
Completed 200 OK in 17ms (Views: 16.0ms | ActiveRecord: 0.0ms)


Started GET "/" for 127.0.0.1 at 2018-03-23 13:40:37 +0200
Processing by WelcomeController#index as HTML
  Rendering welcome/index.erb within layouts/application
  Rendered welcome/index.erb within layouts/application (2.1ms)
Completed 200 OK in 28ms (Views: 26.5ms | ActiveRecord: 0.0ms)


Started GET "/" for 127.0.0.1 at 2018-03-23 13:41:05 +0200
Processing by WelcomeController#index as HTML
  Rendering welcome/index.erb within layouts/application
  Rendered welcome/index.erb within layouts/application (1.6ms)
Completed 200 OK in 25ms (Views: 23.5ms | ActiveRecord: 0.0ms)


Started GET "/" for 127.0.0.1 at 2018-03-23 13:41:21 +0200
Processing by WelcomeController#index as HTML
  Rendering welcome/index.erb within layouts/application
  Rendered welcome/index.erb within layouts/application (1.5ms)
Completed 200 OK in 21ms (Views: 19.2ms | ActiveRecord: 0.0ms)


Started GET "/" for 127.0.0.1 at 2018-03-23 13:41:28 +0200
Processing by WelcomeController#index as HTML
  Rendering welcome/index.erb within layouts/application
  Rendered welcome/index.erb within layouts/application (1.3ms)
Completed 200 OK in 20ms (Views: 18.2ms | ActiveRecord: 0.0ms)


Started GET "/" for 127.0.0.1 at 2018-03-23 13:41:38 +0200
Processing by WelcomeController#index as HTML
  Rendering welcome/index.erb within layouts/application
  Rendered welcome/index.erb within layouts/application (1.3ms)
Completed 200 OK in 21ms (Views: 19.5ms | ActiveRecord: 0.0ms)


Started GET "/" for 127.0.0.1 at 2018-03-23 13:41:59 +0200
Processing by WelcomeController#index as HTML
  Rendering welcome/index.erb within layouts/application
  Rendered welcome/index.erb within layouts/application (1.3ms)
Completed 200 OK in 19ms (Views: 18.0ms | ActiveRecord: 0.0ms)


Started GET "/" for 127.0.0.1 at 2018-03-23 13:42:04 +0200
Processing by WelcomeController#index as HTML
  Rendering welcome/index.erb within layouts/application
  Rendered welcome/index.erb within layouts/application (2.9ms)
Completed 200 OK in 28ms (Views: 25.7ms | ActiveRecord: 0.0ms)


Started GET "/" for 127.0.0.1 at 2018-03-23 13:42:11 +0200
Processing by WelcomeController#index as HTML
  Rendering welcome/index.erb within layouts/application
  Rendered welcome/index.erb within layouts/application (1.3ms)
Completed 200 OK in 20ms (Views: 18.1ms | ActiveRecord: 0.0ms)


Started GET "/" for 127.0.0.1 at 2018-03-23 13:42:12 +0200
Processing by WelcomeController#index as HTML
  Rendering welcome/index.erb within layouts/application
  Rendered welcome/index.erb within layouts/application (1.7ms)
Completed 200 OK in 26ms (Views: 24.4ms | ActiveRecord: 0.0ms)


Started GET "/" for 127.0.0.1 at 2018-03-23 13:42:24 +0200
Processing by WelcomeController#index as HTML
  Rendering welcome/index.erb within layouts/application
  Rendered welcome/index.erb within layouts/application (1.7ms)
Completed 200 OK in 29ms (Views: 27.5ms | ActiveRecord: 0.0ms)


Started GET "/" for 127.0.0.1 at 2018-03-23 13:42:30 +0200
Processing by WelcomeController#index as HTML
  Rendering welcome/index.erb within layouts/application
  Rendered welcome/index.erb within layouts/application (1.3ms)
Completed 200 OK in 20ms (Views: 19.1ms | ActiveRecord: 0.0ms)


Started GET "/" for 127.0.0.1 at 2018-03-23 13:44:36 +0200
Processing by WelcomeController#index as HTML
  Rendering welcome/index.erb within layouts/application
  Rendered welcome/index.erb within layouts/application (1.2ms)
Completed 200 OK in 18ms (Views: 16.8ms | ActiveRecord: 0.0ms)


Started GET "/" for 127.0.0.1 at 2018-03-23 13:45:09 +0200
Processing by WelcomeController#index as HTML
  Rendering welcome/index.erb within layouts/application
  Rendered welcome/index.erb within layouts/application (8.5ms)
Completed 200 OK in 26ms (Views: 24.2ms | ActiveRecord: 0.0ms)


Started GET "/" for 127.0.0.1 at 2018-03-23 13:45:18 +0200
Processing by WelcomeController#index as HTML
  Rendering welcome/index.erb within layouts/application
  Rendered welcome/index.erb within layouts/application (0.7ms)
Completed 200 OK in 18ms (Views: 16.2ms | ActiveRecord: 0.0ms)


Started GET "/" for 127.0.0.1 at 2018-03-23 13:45:44 +0200
Processing by WelcomeController#index as HTML
  Rendering welcome/index.erb within layouts/application
  Rendered welcome/index.erb within layouts/application (0.8ms)
Completed 200 OK in 19ms (Views: 18.0ms | ActiveRecord: 0.0ms)


Started GET "/" for 127.0.0.1 at 2018-03-23 13:46:02 +0200
Processing by WelcomeController#index as HTML
  Rendering welcome/index.erb within layouts/application
  Rendered welcome/index.erb within layouts/application (0.6ms)
Completed 200 OK in 18ms (Views: 17.0ms | ActiveRecord: 0.0ms)


Started GET "/" for 127.0.0.1 at 2018-03-23 13:46:03 +0200
Processing by WelcomeController#index as HTML
  Rendering welcome/index.erb within layouts/application
  Rendered welcome/index.erb within layouts/application (1.0ms)
Completed 200 OK in 27ms (Views: 24.7ms | ActiveRecord: 0.0ms)


Started GET "/" for 127.0.0.1 at 2018-03-23 13:46:15 +0200
Processing by WelcomeController#index as HTML
  Rendering welcome/index.erb within layouts/application
  Rendered welcome/index.erb within layouts/application (0.7ms)
Completed 200 OK in 19ms (Views: 17.1ms | ActiveRecord: 0.0ms)


Started GET "/" for 127.0.0.1 at 2018-03-23 13:46:28 +0200
Processing by WelcomeController#index as HTML
  Rendering welcome/index.erb within layouts/application
  Rendered welcome/index.erb within layouts/application (0.8ms)
Completed 200 OK in 19ms (Views: 17.2ms | ActiveRecord: 0.0ms)


Started GET "/" for 127.0.0.1 at 2018-03-23 13:46:50 +0200
Processing by WelcomeController#index as HTML
  Rendering welcome/index.erb within layouts/application
  Rendered welcome/index.erb within layouts/application (9.4ms)
Completed 500 Internal Server Error in 21ms (ActiveRecord: 0.0ms)


  
ActionView::Template::Error (unable to convert unpermitted parameters to hash):
    63:               <a class="nav-link js-scroll-trigger" href="/#contact"><%= t 'navigation_bar.contact' %></a>
    64:             </li>
    65:             <%= content_tag :li do %>
    66:               <%= link_to params.merge(locale: "el"), locale: :el do %>
    67:                   <%= image_tag 'https://i.imgur.com/fGbYenp.png', :style => "width: 27px; margin-top: 7px; margin-right: 15px;", alt: 'Greek'%>
    68:               <% end %>
    69:             <% end %>
  
app/views/layouts/application.html.erb:66:in `block in _app_views_layouts_application_html_erb__3413897111765738434_70266028972180'
app/views/layouts/application.html.erb:65:in `_app_views_layouts_application_html_erb__3413897111765738434_70266028972180'
Started GET "/" for 127.0.0.1 at 2018-03-23 13:47:30 +0200
Processing by WelcomeController#index as HTML
  Rendering welcome/index.erb within layouts/application
  Rendered welcome/index.erb within layouts/application (0.7ms)
Completed 500 Internal Server Error in 7ms (ActiveRecord: 0.0ms)


  
SyntaxError (/Users/alexandersideris/Documents/GitHub/remotejuniorclub/app/views/layouts/application.html.erb:88: syntax error, unexpected keyword_ensure, expecting end-of-input
          ensure
                ^):
  
app/views/layouts/application.html.erb:88: syntax error, unexpected keyword_ensure, expecting end-of-input
Started GET "/" for 127.0.0.1 at 2018-03-23 13:47:48 +0200
Processing by WelcomeController#index as HTML
  Rendering welcome/index.erb within layouts/application
  Rendered welcome/index.erb within layouts/application (0.7ms)
Completed 500 Internal Server Error in 6ms (ActiveRecord: 0.0ms)


  
SyntaxError (/Users/alexandersideris/Documents/GitHub/remotejuniorclub/app/views/layouts/application.html.erb:88: syntax error, unexpected keyword_ensure, expecting end-of-input
          ensure
                ^):
  
app/views/layouts/application.html.erb:88: syntax error, unexpected keyword_ensure, expecting end-of-input
Started GET "/" for 127.0.0.1 at 2018-03-23 13:47:50 +0200
Processing by WelcomeController#index as HTML
  Rendering welcome/index.erb within layouts/application
  Rendered welcome/index.erb within layouts/application (1.1ms)
Completed 500 Internal Server Error in 6ms (ActiveRecord: 0.0ms)


  
SyntaxError (/Users/alexandersideris/Documents/GitHub/remotejuniorclub/app/views/layouts/application.html.erb:88: syntax error, unexpected keyword_ensure, expecting end-of-input
          ensure
                ^):
  
app/views/layouts/application.html.erb:88: syntax error, unexpected keyword_ensure, expecting end-of-input
Started GET "/" for 127.0.0.1 at 2018-03-23 13:49:39 +0200
Processing by WelcomeController#index as HTML
  Rendering welcome/index.erb within layouts/application
  Rendered welcome/index.erb within layouts/application (0.6ms)
Completed 500 Internal Server Error in 5ms (ActiveRecord: 0.0ms)


  
SyntaxError (/Users/alexandersideris/Documents/GitHub/remotejuniorclub/app/views/layouts/application.html.erb:88: syntax error, unexpected keyword_ensure, expecting end-of-input
          ensure
                ^):
  
app/views/layouts/application.html.erb:88: syntax error, unexpected keyword_ensure, expecting end-of-input
Started GET "/" for 127.0.0.1 at 2018-03-23 13:50:58 +0200
Processing by WelcomeController#index as HTML
  Rendering welcome/index.erb within layouts/application
  Rendered welcome/index.erb within layouts/application (0.8ms)
Completed 200 OK in 23ms (Views: 21.7ms | ActiveRecord: 0.0ms)


Started GET "/" for 127.0.0.1 at 2018-03-23 13:51:16 +0200
Processing by WelcomeController#index as HTML
  Rendering welcome/index.erb within layouts/application
  Rendered welcome/index.erb within layouts/application (0.7ms)
Completed 200 OK in 18ms (Views: 16.7ms | ActiveRecord: 0.0ms)


Started GET "/" for 127.0.0.1 at 2018-03-23 13:51:31 +0200
Processing by WelcomeController#index as HTML
  Rendering welcome/index.erb within layouts/application
  Rendered welcome/index.erb within layouts/application (2.1ms)
Completed 200 OK in 23ms (Views: 21.7ms | ActiveRecord: 0.0ms)


Started GET "/" for 127.0.0.1 at 2018-03-23 13:52:30 +0200
Processing by WelcomeController#index as HTML
  Rendering welcome/index.erb within layouts/application
  Rendered welcome/index.erb within layouts/application (1.1ms)
Completed 200 OK in 21ms (Views: 19.8ms | ActiveRecord: 0.0ms)


Started GET "/" for 127.0.0.1 at 2018-03-23 13:52:48 +0200
Processing by WelcomeController#index as HTML
  Rendering welcome/index.erb within layouts/application
  Rendered welcome/index.erb within layouts/application (1.1ms)
Completed 200 OK in 19ms (Views: 17.7ms | ActiveRecord: 0.0ms)


Started GET "/" for 127.0.0.1 at 2018-03-23 13:53:02 +0200
Processing by WelcomeController#index as HTML
  Rendering welcome/index.erb within layouts/application
  Rendered welcome/index.erb within layouts/application (1.1ms)
Completed 200 OK in 20ms (Views: 17.8ms | ActiveRecord: 0.0ms)


Started GET "/" for 127.0.0.1 at 2018-03-23 13:53:03 +0200
Processing by WelcomeController#index as HTML
  Rendering welcome/index.erb within layouts/application
  Rendered welcome/index.erb within layouts/application (1.2ms)
Completed 200 OK in 19ms (Views: 17.4ms | ActiveRecord: 0.0ms)


Started GET "/" for 127.0.0.1 at 2018-03-23 13:53:11 +0200
Processing by WelcomeController#index as HTML
  Rendering welcome/index.erb within layouts/application
  Rendered welcome/index.erb within layouts/application (1.0ms)
Completed 200 OK in 18ms (Views: 16.4ms | ActiveRecord: 0.0ms)


Started GET "/" for 127.0.0.1 at 2018-03-23 13:53:45 +0200
Processing by WelcomeController#index as HTML
  Rendering welcome/index.erb within layouts/application
  Rendered welcome/index.erb within layouts/application (1.6ms)
Completed 200 OK in 19ms (Views: 17.8ms | ActiveRecord: 0.0ms)


Started GET "/" for 127.0.0.1 at 2018-03-23 13:54:34 +0200
Processing by WelcomeController#index as HTML
  Rendering welcome/index.erb within layouts/application
  Rendered welcome/index.erb within layouts/application (1.2ms)
Completed 200 OK in 17ms (Views: 15.7ms | ActiveRecord: 0.0ms)


Started GET "/" for 127.0.0.1 at 2018-03-23 14:03:00 +0200
Processing by WelcomeController#index as HTML
  Rendering welcome/index.erb within layouts/application
  Rendered welcome/index.erb within layouts/application (1.3ms)
Completed 200 OK in 24ms (Views: 22.2ms | ActiveRecord: 0.0ms)


Started GET "/" for 127.0.0.1 at 2018-03-23 14:07:57 +0200
Processing by WelcomeController#index as HTML
  Rendering welcome/index.erb within layouts/application
  Rendered welcome/index.erb within layouts/application (1.1ms)
Completed 200 OK in 18ms (Views: 16.7ms | ActiveRecord: 0.0ms)


Started GET "/" for 127.0.0.1 at 2018-03-23 14:09:02 +0200
Processing by WelcomeController#index as HTML
  Rendering welcome/index.erb within layouts/application
  Rendered welcome/index.erb within layouts/application (1.4ms)
Completed 200 OK in 29ms (Views: 26.5ms | ActiveRecord: 0.0ms)


Started GET "/" for 127.0.0.1 at 2018-03-23 14:12:37 +0200
Processing by WelcomeController#index as HTML
  Rendering welcome/index.erb within layouts/application
  Rendered welcome/index.erb within layouts/application (0.3ms)
Completed 200 OK in 23ms (Views: 22.0ms | ActiveRecord: 0.0ms)


Started GET "/" for 127.0.0.1 at 2018-03-23 14:12:47 +0200
Processing by WelcomeController#index as HTML
  Rendering welcome/index.erb within layouts/application
  Rendered welcome/index.erb within layouts/application (0.5ms)
Completed 200 OK in 18ms (Views: 16.9ms | ActiveRecord: 0.0ms)


Started GET "/" for 127.0.0.1 at 2018-03-23 14:13:02 +0200
Processing by WelcomeController#index as HTML
  Rendering welcome/index.erb within layouts/application
  Rendered welcome/index.erb within layouts/application (0.3ms)
Completed 200 OK in 18ms (Views: 16.9ms | ActiveRecord: 0.0ms)


Started GET "/" for 127.0.0.1 at 2018-03-23 14:13:37 +0200
Processing by WelcomeController#index as HTML
  Rendering welcome/index.erb within layouts/application
  Rendered welcome/index.erb within layouts/application (0.4ms)
Completed 200 OK in 17ms (Views: 15.8ms | ActiveRecord: 0.0ms)


Started GET "/" for 127.0.0.1 at 2018-03-23 14:18:07 +0200
Processing by WelcomeController#index as HTML
  Rendering welcome/index.erb within layouts/application
  Rendered welcome/index.erb within layouts/application (0.5ms)
Completed 200 OK in 31ms (Views: 28.4ms | ActiveRecord: 0.0ms)


Started GET "/" for 127.0.0.1 at 2018-03-23 14:18:17 +0200
Processing by WelcomeController#index as HTML
  Rendering welcome/index.erb within layouts/application
  Rendered welcome/index.erb within layouts/application (0.4ms)
Completed 200 OK in 25ms (Views: 23.9ms | ActiveRecord: 0.0ms)


Started GET "/" for 127.0.0.1 at 2018-03-23 14:18:36 +0200
Processing by WelcomeController#index as HTML
  Rendering welcome/index.erb within layouts/application
  Rendered welcome/index.erb within layouts/application (0.3ms)
Completed 200 OK in 18ms (Views: 16.2ms | ActiveRecord: 0.0ms)


Started GET "/" for 127.0.0.1 at 2018-03-23 14:20:02 +0200
Processing by WelcomeController#index as HTML
  Rendering welcome/index.erb within layouts/application
  Rendered welcome/index.erb within layouts/application (0.3ms)
Completed 200 OK in 18ms (Views: 16.8ms | ActiveRecord: 0.0ms)


Started GET "/" for 127.0.0.1 at 2018-03-23 14:20:12 +0200
Processing by WelcomeController#index as HTML
  Rendering welcome/index.erb within layouts/application
  Rendered welcome/index.erb within layouts/application (0.4ms)
Completed 200 OK in 19ms (Views: 17.7ms | ActiveRecord: 0.0ms)


Started GET "/" for 127.0.0.1 at 2018-03-23 14:20:21 +0200
Processing by WelcomeController#index as HTML
  Rendering welcome/index.erb within layouts/application
  Rendered welcome/index.erb within layouts/application (0.3ms)
Completed 200 OK in 25ms (Views: 23.1ms | ActiveRecord: 0.0ms)


Started GET "/" for 127.0.0.1 at 2018-03-23 14:31:38 +0200
Processing by WelcomeController#index as HTML
  Rendering welcome/index.erb within layouts/application
  Rendered welcome/index.erb within layouts/application (0.5ms)
Completed 200 OK in 25ms (Views: 24.0ms | ActiveRecord: 0.0ms)


Started GET "/" for 127.0.0.1 at 2018-03-23 14:31:43 +0200
Processing by WelcomeController#index as HTML
  Rendering welcome/index.erb within layouts/application
  Rendered welcome/index.erb within layouts/application (0.4ms)
Completed 200 OK in 27ms (Views: 24.5ms | ActiveRecord: 0.0ms)


Started GET "/" for 127.0.0.1 at 2018-03-23 14:33:32 +0200
Processing by WelcomeController#index as HTML
  Rendering welcome/index.erb within layouts/application
  Rendered welcome/index.erb within layouts/application (0.3ms)
Completed 200 OK in 22ms (Views: 20.3ms | ActiveRecord: 0.0ms)


Started GET "/" for 127.0.0.1 at 2018-03-23 14:33:48 +0200
Processing by WelcomeController#index as HTML
  Rendering welcome/index.erb within layouts/application
  Rendered welcome/index.erb within layouts/application (0.4ms)
Completed 200 OK in 8ms (Views: 6.1ms | ActiveRecord: 0.0ms)


Started GET "/" for 127.0.0.1 at 2018-03-23 14:33:56 +0200
Processing by WelcomeController#index as HTML
  Rendering welcome/index.erb within layouts/application
  Rendered welcome/index.erb within layouts/application (0.3ms)
Completed 200 OK in 19ms (Views: 17.2ms | ActiveRecord: 0.0ms)


Started GET "/" for 127.0.0.1 at 2018-03-23 14:34:13 +0200
Processing by WelcomeController#index as HTML
  Rendering welcome/index.erb within layouts/application
  Rendered welcome/index.erb within layouts/application (0.3ms)
Completed 200 OK in 17ms (Views: 15.8ms | ActiveRecord: 0.0ms)


Started GET "/" for 127.0.0.1 at 2018-03-23 14:34:21 +0200
Processing by WelcomeController#index as HTML
  Rendering welcome/index.erb within layouts/application
  Rendered welcome/index.erb within layouts/application (0.3ms)
Completed 200 OK in 18ms (Views: 16.2ms | ActiveRecord: 0.0ms)


Started GET "/" for 127.0.0.1 at 2018-03-23 14:34:28 +0200
Processing by WelcomeController#index as HTML
  Rendering welcome/index.erb within layouts/application
  Rendered welcome/index.erb within layouts/application (0.3ms)
Completed 200 OK in 16ms (Views: 14.5ms | ActiveRecord: 0.0ms)


Started GET "/" for 127.0.0.1 at 2018-03-23 14:34:37 +0200
Processing by WelcomeController#index as HTML
  Rendering welcome/index.erb within layouts/application
  Rendered welcome/index.erb within layouts/application (0.4ms)
Completed 200 OK in 17ms (Views: 15.7ms | ActiveRecord: 0.0ms)


Started GET "/" for 127.0.0.1 at 2018-03-23 14:34:49 +0200
Processing by WelcomeController#index as HTML
  Rendering welcome/index.erb within layouts/application
  Rendered welcome/index.erb within layouts/application (0.7ms)
Completed 200 OK in 25ms (Views: 22.5ms | ActiveRecord: 0.0ms)


Started GET "/" for 127.0.0.1 at 2018-03-23 14:34:50 +0200
Processing by WelcomeController#index as HTML
  Rendering welcome/index.erb within layouts/application
  Rendered welcome/index.erb within layouts/application (0.3ms)
Completed 200 OK in 20ms (Views: 18.2ms | ActiveRecord: 0.0ms)


Started GET "/" for 127.0.0.1 at 2018-03-23 14:35:00 +0200
Processing by WelcomeController#index as HTML
  Rendering welcome/index.erb within layouts/application
  Rendered welcome/index.erb within layouts/application (0.3ms)
Completed 200 OK in 21ms (Views: 19.5ms | ActiveRecord: 0.0ms)


Started GET "/" for 127.0.0.1 at 2018-03-23 14:35:08 +0200
Processing by WelcomeController#index as HTML
  Rendering welcome/index.erb within layouts/application
  Rendered welcome/index.erb within layouts/application (0.3ms)
Completed 200 OK in 18ms (Views: 16.7ms | ActiveRecord: 0.0ms)


Started GET "/" for 127.0.0.1 at 2018-03-23 14:35:20 +0200
Processing by WelcomeController#index as HTML
  Rendering welcome/index.erb within layouts/application
  Rendered welcome/index.erb within layouts/application (0.3ms)
Completed 200 OK in 22ms (Views: 20.3ms | ActiveRecord: 0.0ms)


Started GET "/" for 127.0.0.1 at 2018-03-23 14:35:21 +0200
Processing by WelcomeController#index as HTML
  Rendering welcome/index.erb within layouts/application
  Rendered welcome/index.erb within layouts/application (0.3ms)
Completed 200 OK in 15ms (Views: 13.9ms | ActiveRecord: 0.0ms)


Started GET "/" for 127.0.0.1 at 2018-03-23 14:35:51 +0200
Processing by WelcomeController#index as HTML
  Rendering welcome/index.erb within layouts/application
  Rendered welcome/index.erb within layouts/application (0.3ms)
Completed 200 OK in 5ms (Views: 3.5ms | ActiveRecord: 0.0ms)


Started GET "/" for 127.0.0.1 at 2018-03-23 14:35:53 +0200
Processing by WelcomeController#index as HTML
  Rendering welcome/index.erb within layouts/application
  Rendered welcome/index.erb within layouts/application (0.4ms)
Completed 200 OK in 8ms (Views: 6.1ms | ActiveRecord: 0.0ms)


Started GET "/" for 127.0.0.1 at 2018-03-23 14:35:58 +0200
Processing by WelcomeController#index as HTML
  Rendering welcome/index.erb within layouts/application
  Rendered welcome/index.erb within layouts/application (0.3ms)
Completed 200 OK in 19ms (Views: 18.1ms | ActiveRecord: 0.0ms)


Started GET "/" for 127.0.0.1 at 2018-03-23 14:36:04 +0200
Processing by WelcomeController#index as HTML
  Rendering welcome/index.erb within layouts/application
  Rendered welcome/index.erb within layouts/application (0.3ms)
Completed 200 OK in 17ms (Views: 15.4ms | ActiveRecord: 0.0ms)


Started GET "/" for 127.0.0.1 at 2018-03-23 14:36:05 +0200
Processing by WelcomeController#index as HTML
  Rendering welcome/index.erb within layouts/application
  Rendered welcome/index.erb within layouts/application (0.3ms)
Completed 200 OK in 16ms (Views: 14.8ms | ActiveRecord: 0.0ms)


Started GET "/" for 127.0.0.1 at 2018-03-23 14:37:03 +0200
Processing by WelcomeController#index as HTML
  Rendering welcome/index.erb within layouts/application
  Rendered welcome/index.erb within layouts/application (0.3ms)
Completed 200 OK in 24ms (Views: 22.5ms | ActiveRecord: 0.0ms)


Started GET "/" for 127.0.0.1 at 2018-03-23 14:37:11 +0200
Processing by WelcomeController#index as HTML
  Rendering welcome/index.erb within layouts/application
  Rendered welcome/index.erb within layouts/application (0.3ms)
Completed 200 OK in 18ms (Views: 17.1ms | ActiveRecord: 0.0ms)


Started GET "/" for 127.0.0.1 at 2018-03-23 14:37:12 +0200
Processing by WelcomeController#index as HTML
  Rendering welcome/index.erb within layouts/application
  Rendered welcome/index.erb within layouts/application (0.4ms)
Completed 200 OK in 17ms (Views: 16.1ms | ActiveRecord: 0.0ms)


Started GET "/" for 127.0.0.1 at 2018-03-23 14:37:19 +0200
Processing by WelcomeController#index as HTML
  Rendering welcome/index.erb within layouts/application
  Rendered welcome/index.erb within layouts/application (0.3ms)
Completed 200 OK in 16ms (Views: 14.3ms | ActiveRecord: 0.0ms)


Started GET "/" for 127.0.0.1 at 2018-03-23 14:39:09 +0200
Processing by WelcomeController#index as HTML
  Rendering welcome/index.erb within layouts/application
  Rendered welcome/index.erb within layouts/application (0.7ms)
Completed 200 OK in 30ms (Views: 28.4ms | ActiveRecord: 0.0ms)


Started GET "/" for 127.0.0.1 at 2018-03-23 14:39:37 +0200
Processing by WelcomeController#index as HTML
  Rendering welcome/index.erb within layouts/application
  Rendered welcome/index.erb within layouts/application (0.9ms)
Completed 200 OK in 28ms (Views: 25.3ms | ActiveRecord: 0.0ms)


Started GET "/" for 127.0.0.1 at 2018-03-23 14:40:36 +0200
Processing by WelcomeController#index as HTML
  Rendering welcome/index.erb within layouts/application
  Rendered welcome/index.erb within layouts/application (0.6ms)
Completed 200 OK in 17ms (Views: 15.8ms | ActiveRecord: 0.0ms)


Started GET "/" for 127.0.0.1 at 2018-03-23 14:40:41 +0200
Processing by WelcomeController#index as HTML
  Rendering welcome/index.erb within layouts/application
  Rendered welcome/index.erb within layouts/application (0.3ms)
Completed 200 OK in 15ms (Views: 13.9ms | ActiveRecord: 0.0ms)


Started GET "/" for 127.0.0.1 at 2018-03-23 14:40:48 +0200
Processing by WelcomeController#index as HTML
  Rendering welcome/index.erb within layouts/application
  Rendered welcome/index.erb within layouts/application (0.3ms)
Completed 200 OK in 17ms (Views: 15.2ms | ActiveRecord: 0.0ms)


Started GET "/" for 127.0.0.1 at 2018-03-23 14:40:54 +0200
Processing by WelcomeController#index as HTML
  Rendering welcome/index.erb within layouts/application
  Rendered welcome/index.erb within layouts/application (0.4ms)
Completed 200 OK in 16ms (Views: 15.0ms | ActiveRecord: 0.0ms)


Started GET "/" for 127.0.0.1 at 2018-03-23 14:41:06 +0200
Processing by WelcomeController#index as HTML
  Rendering welcome/index.erb within layouts/application
  Rendered welcome/index.erb within layouts/application (0.3ms)
Completed 200 OK in 16ms (Views: 14.5ms | ActiveRecord: 0.0ms)


Started GET "/" for 127.0.0.1 at 2018-03-23 14:41:14 +0200
Processing by WelcomeController#index as HTML
  Rendering welcome/index.erb within layouts/application
  Rendered welcome/index.erb within layouts/application (0.5ms)
Completed 200 OK in 22ms (Views: 20.5ms | ActiveRecord: 0.0ms)


Started GET "/" for 127.0.0.1 at 2018-03-23 14:41:31 +0200
Processing by WelcomeController#index as HTML
  Rendering welcome/index.erb within layouts/application
  Rendered welcome/index.erb within layouts/application (0.4ms)
Completed 200 OK in 27ms (Views: 24.9ms | ActiveRecord: 0.0ms)


Started GET "/" for 127.0.0.1 at 2018-03-23 14:41:41 +0200
Processing by WelcomeController#index as HTML
  Rendering welcome/index.erb within layouts/application
  Rendered welcome/index.erb within layouts/application (0.3ms)
Completed 200 OK in 18ms (Views: 16.7ms | ActiveRecord: 0.0ms)


Started GET "/" for 127.0.0.1 at 2018-03-23 14:42:00 +0200
Processing by WelcomeController#index as HTML
  Rendering welcome/index.erb within layouts/application
  Rendered welcome/index.erb within layouts/application (0.3ms)
Completed 200 OK in 15ms (Views: 14.0ms | ActiveRecord: 0.0ms)


Started GET "/" for 127.0.0.1 at 2018-03-23 14:42:36 +0200
Processing by WelcomeController#index as HTML
  Rendering welcome/index.erb within layouts/application
  Rendered welcome/index.erb within layouts/application (0.4ms)
Completed 200 OK in 17ms (Views: 16.0ms | ActiveRecord: 0.0ms)


Started GET "/" for 127.0.0.1 at 2018-03-23 14:42:46 +0200
Processing by WelcomeController#index as HTML
  Rendering welcome/index.erb within layouts/application
  Rendered welcome/index.erb within layouts/application (0.3ms)
Completed 200 OK in 16ms (Views: 15.0ms | ActiveRecord: 0.0ms)


Started GET "/" for 127.0.0.1 at 2018-03-23 14:42:47 +0200
Processing by WelcomeController#index as HTML
  Rendering welcome/index.erb within layouts/application
  Rendered welcome/index.erb within layouts/application (0.3ms)
Completed 200 OK in 17ms (Views: 15.6ms | ActiveRecord: 0.0ms)


Started GET "/" for 127.0.0.1 at 2018-03-23 14:42:59 +0200
Processing by WelcomeController#index as HTML
  Rendering welcome/index.erb within layouts/application
  Rendered welcome/index.erb within layouts/application (0.5ms)
Completed 200 OK in 17ms (Views: 15.7ms | ActiveRecord: 0.0ms)


Started GET "/" for 127.0.0.1 at 2018-03-23 14:43:00 +0200
Processing by WelcomeController#index as HTML
  Rendering welcome/index.erb within layouts/application
  Rendered welcome/index.erb within layouts/application (0.4ms)
Completed 200 OK in 26ms (Views: 24.1ms | ActiveRecord: 0.0ms)


Started GET "/" for 127.0.0.1 at 2018-03-23 14:43:03 +0200
Processing by WelcomeController#index as HTML
  Rendering welcome/index.erb within layouts/application
  Rendered welcome/index.erb within layouts/application (0.5ms)
Completed 200 OK in 21ms (Views: 19.5ms | ActiveRecord: 0.0ms)


Started GET "/" for 127.0.0.1 at 2018-03-23 14:43:28 +0200
Processing by WelcomeController#index as HTML
  Rendering welcome/index.erb within layouts/application
  Rendered welcome/index.erb within layouts/application (0.4ms)
Completed 200 OK in 30ms (Views: 28.2ms | ActiveRecord: 0.0ms)


Started GET "/" for 127.0.0.1 at 2018-03-23 14:45:04 +0200
Processing by WelcomeController#index as HTML
  Rendering welcome/index.erb within layouts/application
  Rendered welcome/index.erb within layouts/application (0.3ms)
Completed 200 OK in 21ms (Views: 19.3ms | ActiveRecord: 0.0ms)


Started GET "/" for 127.0.0.1 at 2018-03-23 14:45:26 +0200
Processing by WelcomeController#index as HTML
  Rendering welcome/index.erb within layouts/application
  Rendered welcome/index.erb within layouts/application (0.4ms)
Completed 200 OK in 27ms (Views: 24.8ms | ActiveRecord: 0.0ms)


Started GET "/" for 127.0.0.1 at 2018-03-23 14:45:44 +0200
Processing by WelcomeController#index as HTML
  Rendering welcome/index.erb within layouts/application
  Rendered welcome/index.erb within layouts/application (0.3ms)
Completed 200 OK in 18ms (Views: 16.4ms | ActiveRecord: 0.0ms)


Started GET "/" for 127.0.0.1 at 2018-03-23 14:45:45 +0200
Processing by WelcomeController#index as HTML
  Rendering welcome/index.erb within layouts/application
  Rendered welcome/index.erb within layouts/application (0.4ms)
Completed 200 OK in 28ms (Views: 25.8ms | ActiveRecord: 0.0ms)


Started GET "/" for 127.0.0.1 at 2018-03-23 14:46:00 +0200
Processing by WelcomeController#index as HTML
  Rendering welcome/index.erb within layouts/application
  Rendered welcome/index.erb within layouts/application (0.3ms)
Completed 200 OK in 16ms (Views: 15.2ms | ActiveRecord: 0.0ms)


Started GET "/" for 127.0.0.1 at 2018-03-23 14:46:01 +0200
Processing by WelcomeController#index as HTML
  Rendering welcome/index.erb within layouts/application
  Rendered welcome/index.erb within layouts/application (0.3ms)
Completed 200 OK in 17ms (Views: 15.6ms | ActiveRecord: 0.0ms)


Started GET "/" for 127.0.0.1 at 2018-03-23 14:46:06 +0200
Processing by WelcomeController#index as HTML
  Rendering welcome/index.erb within layouts/application
  Rendered welcome/index.erb within layouts/application (0.3ms)
Completed 200 OK in 21ms (Views: 19.5ms | ActiveRecord: 0.0ms)


Started GET "/" for 127.0.0.1 at 2018-03-23 14:46:06 +0200
Processing by WelcomeController#index as HTML
  Rendering welcome/index.erb within layouts/application
  Rendered welcome/index.erb within layouts/application (0.3ms)
Completed 200 OK in 17ms (Views: 15.8ms | ActiveRecord: 0.0ms)


Started GET "/" for 127.0.0.1 at 2018-03-23 14:46:11 +0200
Processing by WelcomeController#index as HTML
  Rendering welcome/index.erb within layouts/application
  Rendered welcome/index.erb within layouts/application (0.3ms)
Completed 200 OK in 17ms (Views: 15.7ms | ActiveRecord: 0.0ms)


Started GET "/" for 127.0.0.1 at 2018-03-23 14:46:36 +0200
Processing by WelcomeController#index as HTML
  Rendering welcome/index.erb within layouts/application
  Rendered welcome/index.erb within layouts/application (0.3ms)
Completed 200 OK in 17ms (Views: 15.1ms | ActiveRecord: 0.0ms)


Started GET "/" for 127.0.0.1 at 2018-03-23 14:47:03 +0200
Processing by WelcomeController#index as HTML
  Rendering welcome/index.erb within layouts/application
  Rendered welcome/index.erb within layouts/application (0.3ms)
Completed 200 OK in 16ms (Views: 14.2ms | ActiveRecord: 0.0ms)


Started GET "/" for 127.0.0.1 at 2018-03-23 14:47:26 +0200
Processing by WelcomeController#index as HTML
  Rendering welcome/index.erb within layouts/application
  Rendered welcome/index.erb within layouts/application (0.3ms)
Completed 200 OK in 16ms (Views: 14.1ms | ActiveRecord: 0.0ms)


Started GET "/" for 127.0.0.1 at 2018-03-23 14:47:54 +0200
Processing by WelcomeController#index as HTML
  Rendering welcome/index.erb within layouts/application
  Rendered welcome/index.erb within layouts/application (0.3ms)
Completed 200 OK in 16ms (Views: 14.6ms | ActiveRecord: 0.0ms)


Started GET "/" for 127.0.0.1 at 2018-03-23 14:48:17 +0200
Processing by WelcomeController#index as HTML
  Rendering welcome/index.erb within layouts/application
  Rendered welcome/index.erb within layouts/application (0.4ms)
Completed 200 OK in 28ms (Views: 25.5ms | ActiveRecord: 0.0ms)


Started GET "/" for 127.0.0.1 at 2018-03-23 14:48:27 +0200
Processing by WelcomeController#index as HTML
  Rendering welcome/index.erb within layouts/application
  Rendered welcome/index.erb within layouts/application (0.3ms)
Completed 200 OK in 19ms (Views: 16.5ms | ActiveRecord: 0.0ms)


Started GET "/" for 127.0.0.1 at 2018-03-23 14:48:35 +0200
Processing by WelcomeController#index as HTML
  Rendering welcome/index.erb within layouts/application
  Rendered welcome/index.erb within layouts/application (0.4ms)
Completed 200 OK in 26ms (Views: 23.6ms | ActiveRecord: 0.0ms)


Started GET "/" for 127.0.0.1 at 2018-03-23 14:48:56 +0200
Processing by WelcomeController#index as HTML
  Rendering welcome/index.erb within layouts/application
  Rendered welcome/index.erb within layouts/application (0.3ms)
Completed 200 OK in 18ms (Views: 15.9ms | ActiveRecord: 0.0ms)


